<?xml version="1.0" encoding="UTF-8"?>
<!-- Generated by org.testng.reporters.JUnitReportReporter -->
<testsuite skipped="0" hostname="LAPTOP-QS5U4P3G" name="com.testcases.LoginTest" tests="1" failures="0" timestamp="2021-02-18T19:57:03 IST" time="17.554" errors="0">
  <testcase name="TestLogin" time="17.554" classname="com.testcases.LoginTest"/>
  <system-out/>
</testsuite> <!-- com.testcases.LoginTest -->
