<?xml version="1.0" encoding="UTF-8"?>
<!-- Generated by org.testng.reporters.JUnitReportReporter -->
<testsuite skipped="0" hostname="LAPTOP-QS5U4P3G" name="com.testcases.AboutUsTest" tests="1" failures="0" timestamp="2021-02-18T19:57:03 IST" time="9.440" errors="0">
  <testcase name="AboutUsPageTest" time="9.440" classname="com.testcases.AboutUsTest"/>
  <system-out/>
</testsuite> <!-- com.testcases.AboutUsTest -->
